<?xml version="1.0" encoding="UTF-8"?>
<testsuite name="SearchTests" tests="1" skipped="0" failures="0" errors="0" timestamp="2021-10-25T17:00:21" hostname="DESKTOP-798CLIJ" time="21.221">
  <properties/>
  <testcase name="selenideSearchTests()" classname="SearchTests" time="21.221"/>
  <system-out><![CDATA[]]></system-out>
  <system-err><![CDATA[SLF4J: Failed to load class "org.slf4j.impl.StaticLoggerBinder".
SLF4J: Defaulting to no-operation (NOP) logger implementation
SLF4J: See http://www.slf4j.org/codes.html#StaticLoggerBinder for further details.
Starting MSEdgeDriver 95.0.1020.30 (09f7018e2a65a55dea3a0a261efca40ae03471ed) on port 54448
Only local connections are allowed.
Please see https://chromedriver.chromium.org/security-considerations for suggestions on keeping MSEdgeDriver safe.
MSEdgeDriver was started successfully.
окт 25, 2021 11:00:38 PM org.openqa.selenium.remote.ProtocolHandshake createSession
INFO: Detected dialect: W3C
окт 25, 2021 11:00:38 PM org.openqa.selenium.devtools.CdpVersionFinder findNearestMatch
INFO: Found exact CDP implementation for version 95
]]></system-err>
</testsuite>
